<?xml version="1.0" encoding="UTF-8"?>
<!-- Generated by org.testng.reporters.JUnitXMLReporter -->
<testsuite hostname="CHIC02S10KWG8WL" ignored="4" tests="1" failures="0" timestamp="2019-10-04T21:47:19 CDT" time="26.971" errors="0">
  <testcase name="signIn" time="13.846" classname="SignInTest"/>
  <testcase name="tiger" time="0.0" classname="SignInTest">
    <ignored/>
  </testcase> <!-- tiger -->
  <testcase name="dog" time="0.0" classname="SignInTest">
    <ignored/>
  </testcase> <!-- dog -->
  <testcase name="goToMyAccountPage" time="0.0" classname="SignInTest">
    <ignored/>
  </testcase> <!-- goToMyAccountPage -->
  <testcase name="searchProduct" time="0.0" classname="SignInTest">
    <ignored/>
  </testcase> <!-- searchProduct -->
</testsuite>
