<?xml version="1.0" encoding="UTF-8"?>
<testng-results skipped="0" failed="0" ignored="4" total="5" passed="1">
  <reporter-output>
  </reporter-output>
  <suite name="FinalScore App running on Chrome Browser" duration-ms="26971" started-at="2019-10-04T21:46:52 CDT" finished-at="2019-10-04T21:47:19 CDT">
    <groups>
    </groups>
    <test name="Home Page" duration-ms="26971" started-at="2019-10-04T21:46:52 CDT" finished-at="2019-10-04T21:47:19 CDT">
      <class name="SignInTest">
        <test-method status="PASS" signature="setUp(boolean, java.lang.String, java.lang.String, java.lang.String, java.lang.String, java.lang.String, java.lang.String)[pri:0, instance:SignInTest@397fbdb]" name="setUp" is-config="true" duration-ms="8921" started-at="2019-10-04T21:46:52 CDT" finished-at="2019-10-04T21:47:01 CDT">
          <params>
            <param index="0">
              <value>
                <![CDATA[false]]>
              </value>
            </param>
            <param index="1">
              <value>
                <![CDATA[mdaalam11]]>
              </value>
            </param>
            <param index="2">
              <value>
                <![CDATA[f6e8a960-89a6-409c-8391-a00f9ddce584]]>
              </value>
            </param>
            <param index="3">
              <value>
                <![CDATA[https://www.final-score.com]]>
              </value>
            </param>
            <param index="4">
              <value>
                <![CDATA[mac]]>
              </value>
            </param>
            <param index="5">
              <value>
                <![CDATA[chrome]]>
              </value>
            </param>
            <param index="6">
              <value>
                <![CDATA[77]]>
              </value>
            </param>
          </params>
          <reporter-output>
          </reporter-output>
        </test-method> <!-- setUp -->
        <test-method status="PASS" signature="signIn()[pri:1, instance:SignInTest@397fbdb]" name="signIn" duration-ms="13846" started-at="2019-10-04T21:47:01 CDT" finished-at="2019-10-04T21:47:15 CDT">
          <reporter-output>
          </reporter-output>
        </test-method> <!-- signIn -->
        <test-method status="PASS" signature="cleanUp()[pri:0, instance:SignInTest@397fbdb]" name="cleanUp" is-config="true" duration-ms="4156" started-at="2019-10-04T21:47:15 CDT" finished-at="2019-10-04T21:47:19 CDT">
          <reporter-output>
          </reporter-output>
        </test-method> <!-- cleanUp -->
      </class> <!-- SignInTest -->
    </test> <!-- Home Page -->
  </suite> <!-- FinalScore App running on Chrome Browser -->
</testng-results>
